<?xml version="1.0" encoding="UTF-8"?>
<robot generator="Robot 7.2.2 (Python 3.12.3 on win32)" generated="2025-02-10T09:06:14.686026" rpa="false" schemaversion="5">
<suite id="s1" name="Testes" source="c:\Users\gabri\Documents\trabalho_gcs\testes.robot">
<test id="s1-t1" name="1.Verify url" line="6">
<kw name="Open Browser" owner="SeleniumLibrary">
<msg time="2025-02-10T09:06:15.035261" level="INFO">Opening browser ' chrome' to base url 'None'.</msg>
<arg>browser= chrome</arg>
<doc>Opens a new browser instance to the optional ``url``.</doc>
<status status="PASS" start="2025-02-10T09:06:15.035261" elapsed="2.406114"/>
</kw>
<kw name="Sleep" owner="BuiltIn">
<msg time="2025-02-10T09:06:27.441992" level="INFO">Slept 10 seconds.</msg>
<arg>10s</arg>
<doc>Pauses the test executed for the given time.</doc>
<status status="PASS" start="2025-02-10T09:06:17.441375" elapsed="10.000617"/>
</kw>
<status status="PASS" start="2025-02-10T09:06:15.028230" elapsed="12.413762"/>
</test>
<status status="PASS" start="2025-02-10T09:06:14.686026" elapsed="12.760012"/>
</suite>
<statistics>
<total>
<stat pass="1" fail="0" skip="0">All Tests</stat>
</total>
<tag>
</tag>
<suite>
<stat name="Testes" id="s1" pass="1" fail="0" skip="0">Testes</stat>
</suite>
</statistics>
<errors>
</errors>
</robot>
