<?xml version="1.0" encoding="UTF-8"?>
<robot generator="Robot 7.2.2 (Python 3.12.3 on win32)" generated="2025-02-09T09:42:17.555602" rpa="false" schemaversion="5">
<suite id="s1" name="Testes" source="C:\Users\gabri\Documents\trabalho_gcs\testes.robot">
<test id="s1-t1" name="1.Verify url" line="6">
<kw name="Open Browser" owner="SeleniumLibrary">
<msg time="2025-02-09T09:42:17.758798" level="INFO">Opening browser ' chrome' to base url 'https://www.google.com'.</msg>
<arg>url=https://www.google.com</arg>
<arg>browser= chrome</arg>
<doc>Opens a new browser instance to the optional ``url``.</doc>
<status status="PASS" start="2025-02-09T09:42:17.758798" elapsed="2.420368"/>
</kw>
<status status="PASS" start="2025-02-09T09:42:17.758798" elapsed="2.420368"/>
</test>
<status status="PASS" start="2025-02-09T09:42:17.555602" elapsed="2.623564"/>
</suite>
<statistics>
<total>
<stat pass="1" fail="0" skip="0">All Tests</stat>
</total>
<tag>
</tag>
<suite>
<stat name="Testes" id="s1" pass="1" fail="0" skip="0">Testes</stat>
</suite>
</statistics>
<errors>
</errors>
</robot>
